=== BEGIN MESSAGE ===
Client IP:
  10.1.1.14

Host:
  10.1.1.3

Requested URI:
  http://10.1.1.3/paginas/Produto/pro_form.php

Date:
  2011-05-12 09:17:18

Error:
  An error occurred while inserting the records.<br />SQL error: Duplicate entry 'LAPIS CARCAÇA' for key 2.

Developer Details:
  tNG_multipleInsert error.<br />An error occurred while inserting the records. (MINS_ERROR)<br />SQL error: INSERT INTO produto (PRO_DESCRICAO) values ('LAPIS CARCAÇA'). (SQL_ERROR)

tNG Execution Trace:
  tNG_multipleInsert.executeTransaction
    STARTER.Trigger_Default_Starter
    tNG_multipleInsert.doTransaction
      tNG_multipleInsert.prepareSQL
        tNG_insert.doTransaction
          BEFORE.Trigger_Default_FormValidation
          tNG_insert.prepareSQL
          tNG_insert.executeTransaction - execute sql*
          ERROR.Trigger_Default_Insert_RollBack
  tNG_multipleUpdate.executeTransaction
    STARTER.Trigger_Default_Starter
  tNG_multipleInsert.getRecordset
  tNG_insert.getFakeRsArr
  tNG_insert.getLocalRecordset
  tNG_insert.getFakeRecordset
  tNG_multipleInsert.getFakeRecordset
=== END MESSAGE ===
=== BEGIN MESSAGE ===
Client IP:
  10.1.1.58

Host:
  10.1.1.3

Requested URI:
  http://10.1.1.3/paginas/Produto/pro_form.php?PRO_ID=1

Date:
  2011-05-12 17:40:07

Error:
  Internal error.

Developer Details:
  tNG_multipleUpdate.getLocalRecordset:<br /><strong>Error message:</strong><br />Unknown column 'PRO_UNIDADE' in 'field list'<br /><strong>SQL statement:</strong><br />SELECT PRO_DESCRICAO,PRO_UNIDADE,PRO_ID, PRO_ID as kt_pk_produto FROM produto WHERE PRO_ID=1. (MUPD_RS)

tNG Execution Trace:
  tNG_multipleInsert.executeTransaction
    STARTER.Trigger_Default_Starter
  tNG_multipleUpdate.executeTransaction
    STARTER.Trigger_Default_Starter
  tNG_multipleInsert.executeTransaction
    STARTER.Trigger_Default_Starter
  tNG_multipleUpdate.executeTransaction
    STARTER.Trigger_Default_Starter
  tNG_multipleUpdate.getRecordset
  tNG_multipleUpdate.getLocalRecordset*
=== END MESSAGE ===
=== BEGIN MESSAGE ===
Client IP:
  10.1.1.25

Host:
  10.1.1.3

Requested URI:
  http://10.1.1.3/gerencial/usuario/usuario_form.php?id_funcionario=3

Date:
  2011-05-20 15:18:51

Error:
  An error occurred while updating the records.<br />There was an error updating your account. Wrong Old Password.

Developer Details:
  tNG_multipleUpdate error.<br />An error occurred while updating the records. (MUPD_ERROR)<br />

tNG Execution Trace:
  tNG_multipleInsert.executeTransaction
    STARTER.Trigger_Default_Starter
  tNG_multipleUpdate.executeTransaction
    STARTER.Trigger_Default_Starter
    tNG_multipleUpdate.doTransaction
      tNG_multipleUpdate.prepareSQL
        tNG_update.doTransaction
          BEFORE.Trigger_Default_saveData
            tNG_update.saveData
          BEFORE.Trigger_Default_FormValidation
          BEFORE.Trigger_CheckOldPassword*
          ERROR.Trigger_UpdatePassword_AddPassword
          ERROR.Trigger_UpdatePassword_RemoveOldPassword
  tNG_multipleUpdate.getRecordset
  tNG_update.getFakeRsArr
  tNG_update.getLocalRecordset
  tNG_multipleUpdate.getFakeRecordset
=== END MESSAGE ===
