=== BEGIN MESSAGE ===
Client IP:
  10.1.1.35

Host:
  10.1.1.3

Requested URI:
  http://10.1.1.3/paginas/Empresa/empresa_form.php

Date:
  2011-08-05 14:22:35

Error:
  An error occurred while inserting the records.<br />SQL error: Column 'cnpj_cpf' cannot be null.

Developer Details:
  tNG_multipleInsert error.<br />An error occurred while inserting the records. (MINS_ERROR)<br />SQL error: INSERT INTO empresas (nome, responsavel, endereco, bairro, complemento, cidade, estado, telefone_comercial, telefone_celular, telefone_fax, cnpj_cpf, inscricao_estadual, email, cep) values ('IVO', 'IVO', 'SÃO PAULO', 'SÃO PAULO', null, 'SÃO PAULO', 'SP', null, null, null, null, null, null, null). (SQL_ERROR)

tNG Execution Trace:
  tNG_multipleInsert.executeTransaction
    STARTER.Trigger_Default_Starter
    tNG_multipleInsert.doTransaction
      tNG_multipleInsert.prepareSQL
        tNG_insert.doTransaction
          BEFORE.Trigger_Default_FormValidation
          tNG_insert.prepareSQL
          tNG_insert.executeTransaction - execute sql*
          ERROR.Trigger_Default_Insert_RollBack
  tNG_multipleUpdate.executeTransaction
    STARTER.Trigger_Default_Starter
  tNG_multipleInsert.getRecordset
  tNG_insert.getFakeRsArr
  tNG_insert.getLocalRecordset
  tNG_insert.getFakeRecordset
  tNG_multipleInsert.getFakeRecordset
=== END MESSAGE ===
=== BEGIN MESSAGE ===
Client IP:
  10.1.1.35

Host:
  10.1.1.3

Requested URI:
  http://10.1.1.3/paginas/Empresa/empresa_form.php

Date:
  2011-08-05 14:24:12

Error:
  An error occurred while inserting the records.<br />SQL error: Column 'cnpj_cpf' cannot be null.

Developer Details:
  tNG_multipleInsert error.<br />An error occurred while inserting the records. (MINS_ERROR)<br />SQL error: INSERT INTO empresas (nome, responsavel, endereco, bairro, complemento, cidade, estado, telefone_comercial, telefone_celular, telefone_fax, cnpj_cpf, inscricao_estadual, email, cep) values ('IVO', 'IVO', 'SÃO PAULO', 'SÃO PAULO', null, 'SÃO PAULO', 'SP', null, null, null, null, null, null, null). (SQL_ERROR)

tNG Execution Trace:
  tNG_multipleInsert.executeTransaction
    STARTER.Trigger_Default_Starter
    tNG_multipleInsert.doTransaction
      tNG_multipleInsert.prepareSQL
        tNG_insert.doTransaction
          BEFORE.Trigger_Default_FormValidation
          tNG_insert.prepareSQL
          tNG_insert.executeTransaction - execute sql*
          ERROR.Trigger_Default_Insert_RollBack
  tNG_multipleUpdate.executeTransaction
    STARTER.Trigger_Default_Starter
  tNG_multipleInsert.getRecordset
  tNG_insert.getFakeRsArr
  tNG_insert.getLocalRecordset
  tNG_insert.getFakeRecordset
  tNG_multipleInsert.getFakeRecordset
=== END MESSAGE ===
=== BEGIN MESSAGE ===
Client IP:
  10.1.1.55

Host:
  10.1.1.3

Requested URI:
  http://10.1.1.3/paginas/setor/setor_form.php?id_setor=8

Date:
  2011-08-18 10:35:39

Error:
  An error occurred while updating the records.<br />SQL error: Duplicate entry 'ESTERQUEIRA' for key 2.

Developer Details:
  tNG_multipleUpdate error.<br />An error occurred while updating the records. (MUPD_ERROR)<br />SQL error: UPDATE setor SET setor='ESTERQUEIRA', encarregado='REGINALDO' WHERE id_setor = 8. (SQL_ERROR)

tNG Execution Trace:
  tNG_multipleInsert.executeTransaction
    STARTER.Trigger_Default_Starter
  tNG_multipleUpdate.executeTransaction
    STARTER.Trigger_Default_Starter
    tNG_multipleUpdate.doTransaction
      tNG_multipleUpdate.prepareSQL
        tNG_update.doTransaction
          BEFORE.Trigger_Default_saveData
            tNG_update.saveData
          BEFORE.Trigger_Default_FormValidation
          tNG_update.prepareSQL
          tNG_update.executeTransaction - execute sql*
  tNG_multipleUpdate.getRecordset
  tNG_update.getFakeRsArr
  tNG_update.getLocalRecordset
  tNG_multipleUpdate.getFakeRecordset
=== END MESSAGE ===
=== BEGIN MESSAGE ===
Client IP:
  10.1.1.55

Host:
  10.1.1.3

Requested URI:
  http://10.1.1.3/paginas/setor/setor_form.php?id_setor=8

Date:
  2011-08-18 10:35:42

Error:
  An error occurred while updating the records.<br />SQL error: Duplicate entry 'ESTERQUEIRA' for key 2.

Developer Details:
  tNG_multipleUpdate error.<br />An error occurred while updating the records. (MUPD_ERROR)<br />SQL error: UPDATE setor SET setor='ESTERQUEIRA', encarregado='REGINALDO' WHERE id_setor = 8. (SQL_ERROR)

tNG Execution Trace:
  tNG_multipleInsert.executeTransaction
    STARTER.Trigger_Default_Starter
  tNG_multipleUpdate.executeTransaction
    STARTER.Trigger_Default_Starter
    tNG_multipleUpdate.doTransaction
      tNG_multipleUpdate.prepareSQL
        tNG_update.doTransaction
          BEFORE.Trigger_Default_saveData
            tNG_update.saveData
          BEFORE.Trigger_Default_FormValidation
          tNG_update.prepareSQL
          tNG_update.executeTransaction - execute sql*
  tNG_multipleUpdate.getRecordset
  tNG_update.getFakeRsArr
  tNG_update.getLocalRecordset
  tNG_multipleUpdate.getFakeRecordset
=== END MESSAGE ===
=== BEGIN MESSAGE ===
Client IP:
  10.1.1.55

Host:
  10.1.1.3

Requested URI:
  http://10.1.1.3/paginas/setor/setor_form.php?id_setor=8

Date:
  2011-08-18 10:36:04

Error:
  An error occurred while updating the records.<br />SQL error: Duplicate entry 'ESTERQUEIRA' for key 2.

Developer Details:
  tNG_multipleUpdate error.<br />An error occurred while updating the records. (MUPD_ERROR)<br />SQL error: UPDATE setor SET setor='ESTERQUEIRA', encarregado='REGINALDO SILVA ALMEIDA' WHERE id_setor = 8. (SQL_ERROR)

tNG Execution Trace:
  tNG_multipleInsert.executeTransaction
    STARTER.Trigger_Default_Starter
  tNG_multipleUpdate.executeTransaction
    STARTER.Trigger_Default_Starter
    tNG_multipleUpdate.doTransaction
      tNG_multipleUpdate.prepareSQL
        tNG_update.doTransaction
          BEFORE.Trigger_Default_saveData
            tNG_update.saveData
          BEFORE.Trigger_Default_FormValidation
          tNG_update.prepareSQL
          tNG_update.executeTransaction - execute sql*
  tNG_multipleUpdate.getRecordset
  tNG_update.getFakeRsArr
  tNG_update.getLocalRecordset
  tNG_multipleUpdate.getFakeRecordset
=== END MESSAGE ===
=== BEGIN MESSAGE ===
Client IP:
  10.1.1.55

Host:
  10.1.1.3

Requested URI:
  http://10.1.1.3/paginas/setor/setor_form.php?id_setor=5

Date:
  2011-08-18 10:36:34

Error:
  An error occurred while updating the records.<br />SQL error: Duplicate entry 'ESTERQUEIRA' for key 2.

Developer Details:
  tNG_multipleUpdate error.<br />An error occurred while updating the records. (MUPD_ERROR)<br />SQL error: UPDATE setor SET setor='ESTERQUEIRA', encarregado='REGINALDO SILVA ALMEIDA' WHERE id_setor = 5. (SQL_ERROR)

tNG Execution Trace:
  tNG_multipleInsert.executeTransaction
    STARTER.Trigger_Default_Starter
  tNG_multipleUpdate.executeTransaction
    STARTER.Trigger_Default_Starter
    tNG_multipleUpdate.doTransaction
      tNG_multipleUpdate.prepareSQL
        tNG_update.doTransaction
          BEFORE.Trigger_Default_saveData
            tNG_update.saveData
          BEFORE.Trigger_Default_FormValidation
          tNG_update.prepareSQL
          tNG_update.executeTransaction - execute sql*
  tNG_multipleUpdate.getRecordset
  tNG_update.getFakeRsArr
  tNG_update.getLocalRecordset
  tNG_multipleUpdate.getFakeRecordset
=== END MESSAGE ===
=== BEGIN MESSAGE ===
Client IP:
  10.1.1.44

Host:
  10.1.1.3

Requested URI:
  http://10.1.1.3/paginas/setor/setor_form.php

Date:
  2011-08-19 09:03:37

Error:
  An error occurred while inserting the records.<br />SQL error: Duplicate entry 'curral' for key 2.

Developer Details:
  tNG_multipleInsert error.<br />An error occurred while inserting the records. (MINS_ERROR)<br />SQL error: INSERT INTO setor (setor, encarregado) values ('curral', 'ronaldo'). (SQL_ERROR)

tNG Execution Trace:
  tNG_multipleInsert.executeTransaction
    STARTER.Trigger_Default_Starter
    tNG_multipleInsert.doTransaction
      tNG_multipleInsert.prepareSQL
        tNG_insert.doTransaction
          BEFORE.Trigger_Default_FormValidation
          tNG_insert.prepareSQL
          tNG_insert.executeTransaction - execute sql*
          ERROR.Trigger_Default_Insert_RollBack
  tNG_multipleUpdate.executeTransaction
    STARTER.Trigger_Default_Starter
  tNG_multipleInsert.getRecordset
  tNG_insert.getFakeRsArr
  tNG_insert.getLocalRecordset
  tNG_insert.getFakeRecordset
  tNG_multipleInsert.getFakeRecordset
=== END MESSAGE ===
=== BEGIN MESSAGE ===
Client IP:
  10.1.1.44

Host:
  10.1.1.3

Requested URI:
  http://10.1.1.3/paginas/setor/setor_form.php

Date:
  2011-08-19 09:03:55

Error:
  An error occurred while inserting the records.<br />SQL error: Duplicate entry 'CURRAL' for key 2.

Developer Details:
  tNG_multipleInsert error.<br />An error occurred while inserting the records. (MINS_ERROR)<br />SQL error: INSERT INTO setor (setor, encarregado) values ('CURRAL', 'RONALDO'). (SQL_ERROR)

tNG Execution Trace:
  tNG_multipleInsert.executeTransaction
    STARTER.Trigger_Default_Starter
    tNG_multipleInsert.doTransaction
      tNG_multipleInsert.prepareSQL
        tNG_insert.doTransaction
          BEFORE.Trigger_Default_FormValidation
          tNG_insert.prepareSQL
          tNG_insert.executeTransaction - execute sql*
          ERROR.Trigger_Default_Insert_RollBack
  tNG_multipleUpdate.executeTransaction
    STARTER.Trigger_Default_Starter
  tNG_multipleInsert.getRecordset
  tNG_insert.getFakeRsArr
  tNG_insert.getLocalRecordset
  tNG_insert.getFakeRecordset
  tNG_multipleInsert.getFakeRecordset
=== END MESSAGE ===
=== BEGIN MESSAGE ===
Client IP:
  10.1.1.35

Host:
  10.1.1.3

Requested URI:
  http://10.1.1.3/paginas/Empresa/empresa_form.php

Date:
  2011-08-29 09:30:55

Error:
  An error occurred while inserting the records.<br />SQL error: Column 'cnpj_cpf' cannot be null.

Developer Details:
  tNG_multipleInsert error.<br />An error occurred while inserting the records. (MINS_ERROR)<br />SQL error: INSERT INTO empresas (nome, responsavel, endereco, bairro, complemento, cidade, estado, telefone_comercial, telefone_celular, telefone_fax, cnpj_cpf, inscricao_estadual, email, cep) values ('MARMOARIA CAPICHABA', 'ERCILIA', '----', '----', null, 'CAMPO GRANDE', 'MS', '(67)3386-4767', null, null, null, null, null, null). (SQL_ERROR)

tNG Execution Trace:
  tNG_multipleInsert.executeTransaction
    STARTER.Trigger_Default_Starter
    tNG_multipleInsert.doTransaction
      tNG_multipleInsert.prepareSQL
        tNG_insert.doTransaction
          BEFORE.Trigger_Default_FormValidation
          tNG_insert.prepareSQL
          tNG_insert.executeTransaction - execute sql*
          ERROR.Trigger_Default_Insert_RollBack
  tNG_multipleUpdate.executeTransaction
    STARTER.Trigger_Default_Starter
  tNG_multipleInsert.getRecordset
  tNG_insert.getFakeRsArr
  tNG_insert.getLocalRecordset
  tNG_insert.getFakeRecordset
  tNG_multipleInsert.getFakeRecordset
=== END MESSAGE ===
=== BEGIN MESSAGE ===
Client IP:
  10.1.1.35

Host:
  10.1.1.3

Requested URI:
  http://10.1.1.3/paginas/Empresa/empresa_form.php

Date:
  2011-08-29 09:31:50

Error:
  An error occurred while inserting the records.<br />SQL error: Column 'cnpj_cpf' cannot be null.

Developer Details:
  tNG_multipleInsert error.<br />An error occurred while inserting the records. (MINS_ERROR)<br />SQL error: INSERT INTO empresas (nome, responsavel, endereco, bairro, complemento, cidade, estado, telefone_comercial, telefone_celular, telefone_fax, cnpj_cpf, inscricao_estadual, email, cep) values ('MARMOARIA CAPICHABA', 'ERCILIA', 'R:LL', 'AQUELE', null, 'CAMPO GRANDE', 'MS', null, null, null, null, null, null, null). (SQL_ERROR)

tNG Execution Trace:
  tNG_multipleInsert.executeTransaction
    STARTER.Trigger_Default_Starter
    tNG_multipleInsert.doTransaction
      tNG_multipleInsert.prepareSQL
        tNG_insert.doTransaction
          BEFORE.Trigger_Default_FormValidation
          tNG_insert.prepareSQL
          tNG_insert.executeTransaction - execute sql*
          ERROR.Trigger_Default_Insert_RollBack
  tNG_multipleUpdate.executeTransaction
    STARTER.Trigger_Default_Starter
  tNG_multipleInsert.getRecordset
  tNG_insert.getFakeRsArr
  tNG_insert.getLocalRecordset
  tNG_insert.getFakeRecordset
  tNG_multipleInsert.getFakeRecordset
=== END MESSAGE ===
=== BEGIN MESSAGE ===
Client IP:
  10.1.1.55

Host:
  10.1.1.3

Requested URI:
  http://10.1.1.3/paginas/setor/setor_form.php?id_setor=5

Date:
  2011-08-29 10:07:10

Error:
  An error occurred while updating the records.<br />SQL error: Duplicate entry 'ELETRICA' for key 2.

Developer Details:
  tNG_multipleUpdate error.<br />An error occurred while updating the records. (MUPD_ERROR)<br />SQL error: UPDATE setor SET setor='ELETRICA', encarregado='ELTON' WHERE id_setor = 5. (SQL_ERROR)

tNG Execution Trace:
  tNG_multipleInsert.executeTransaction
    STARTER.Trigger_Default_Starter
  tNG_multipleUpdate.executeTransaction
    STARTER.Trigger_Default_Starter
    tNG_multipleUpdate.doTransaction
      tNG_multipleUpdate.prepareSQL
        tNG_update.doTransaction
          BEFORE.Trigger_Default_saveData
            tNG_update.saveData
          BEFORE.Trigger_Default_FormValidation
          tNG_update.prepareSQL
          tNG_update.executeTransaction - execute sql*
  tNG_multipleUpdate.getRecordset
  tNG_update.getFakeRsArr
  tNG_update.getLocalRecordset
  tNG_multipleUpdate.getFakeRecordset
=== END MESSAGE ===
=== BEGIN MESSAGE ===
Client IP:
  10.1.1.55

Host:
  10.1.1.3

Requested URI:
  http://10.1.1.3/paginas/setor/setor_form.php?id_setor=8

Date:
  2011-08-29 10:07:22

Error:
  An error occurred while updating the records.<br />SQL error: Duplicate entry 'ELETRICA' for key 2.

Developer Details:
  tNG_multipleUpdate error.<br />An error occurred while updating the records. (MUPD_ERROR)<br />SQL error: UPDATE setor SET setor='ELETRICA', encarregado='ELTON' WHERE id_setor = 8. (SQL_ERROR)

tNG Execution Trace:
  tNG_multipleInsert.executeTransaction
    STARTER.Trigger_Default_Starter
  tNG_multipleUpdate.executeTransaction
    STARTER.Trigger_Default_Starter
    tNG_multipleUpdate.doTransaction
      tNG_multipleUpdate.prepareSQL
        tNG_update.doTransaction
          BEFORE.Trigger_Default_saveData
            tNG_update.saveData
          BEFORE.Trigger_Default_FormValidation
          tNG_update.prepareSQL
          tNG_update.executeTransaction - execute sql*
  tNG_multipleUpdate.getRecordset
  tNG_update.getFakeRsArr
  tNG_update.getLocalRecordset
  tNG_multipleUpdate.getFakeRecordset
=== END MESSAGE ===
