=== BEGIN MESSAGE ===
Client IP:
  127.0.0.1

Host:
  localhost

Requested URI:
  http://localhost/tudo/paginas/Produto/pro_form.php

Date:
  2011-04-13 15:34:14

Error:
  An error occurred while inserting the records.<br />SQL error: Duplicate entry 'CAPACETE 002' for key 2.

Developer Details:
  tNG_multipleInsert error.<br />An error occurred while inserting the records. (MINS_ERROR)<br />SQL error: INSERT INTO produto (PRO_DESCRICAO) values ('CAPACETE 002'). (SQL_ERROR)

tNG Execution Trace:
  tNG_multipleInsert.executeTransaction
    STARTER.Trigger_Default_Starter
    tNG_multipleInsert.doTransaction
      tNG_multipleInsert.prepareSQL
        tNG_insert.doTransaction
          BEFORE.Trigger_Default_FormValidation
          tNG_insert.prepareSQL
          tNG_insert.executeTransaction - execute sql*
          ERROR.Trigger_Default_Insert_RollBack
  tNG_multipleUpdate.executeTransaction
    STARTER.Trigger_Default_Starter
  tNG_multipleDelete.executeTransaction
    STARTER.Trigger_Default_Starter
  tNG_multipleInsert.getRecordset
  tNG_insert.getFakeRsArr
  tNG_insert.getLocalRecordset
  tNG_insert.getFakeRecordset
  tNG_multipleInsert.getFakeRecordset
=== END MESSAGE ===
=== BEGIN MESSAGE ===
Client IP:
  127.0.0.1

Host:
  localhost

Requested URI:
  http://localhost/tudo/paginas/Produto/pro_form.php

Date:
  2011-04-13 15:35:47

Error:
  An error occurred while inserting the records.<br />SQL error: Duplicate entry 'capacete 002' for key 2.

Developer Details:
  tNG_multipleInsert error.<br />An error occurred while inserting the records. (MINS_ERROR)<br />SQL error: INSERT INTO produto (PRO_DESCRICAO) values ('capacete 002'). (SQL_ERROR)

tNG Execution Trace:
  tNG_multipleInsert.executeTransaction
    STARTER.Trigger_Default_Starter
    tNG_multipleInsert.doTransaction
      tNG_multipleInsert.prepareSQL
        tNG_insert.doTransaction
          BEFORE.Trigger_Default_FormValidation
          tNG_insert.prepareSQL
          tNG_insert.executeTransaction - execute sql*
          ERROR.Trigger_Default_Insert_RollBack
  tNG_multipleUpdate.executeTransaction
    STARTER.Trigger_Default_Starter
  tNG_multipleDelete.executeTransaction
    STARTER.Trigger_Default_Starter
  tNG_multipleInsert.getRecordset
  tNG_insert.getFakeRsArr
  tNG_insert.getLocalRecordset
  tNG_insert.getFakeRecordset
  tNG_multipleInsert.getFakeRecordset
=== END MESSAGE ===
=== BEGIN MESSAGE ===
Client IP:
  127.0.0.1

Host:
  localhost

Requested URI:
  http://localhost/tudo/Compras/pedido/pedido_form.php?PC_ID=3

Date:
  2011-04-14 08:09:37

Error:
  Internal error.

Developer Details:
  tNG_multipleUpdate.getLocalRecordset:<br /><strong>Error message:</strong><br />Unknown column 'PC_PRODUTO' in 'field list'<br /><strong>SQL statement:</strong><br />SELECT PC_PRIORIDADE,PC_N_REQUISICAO,PC_PRODUTO,PC_QTD,PC_SETOR,PC_SOLICITANTE,PC_DESCRICAO,PC_ID, PC_ID as kt_pk_pedido_compra FROM pedido_compra WHERE PC_ID=3. (MUPD_RS)

tNG Execution Trace:
  tNG_multipleInsert.executeTransaction
    STARTER.Trigger_Default_Starter
  tNG_multipleUpdate.executeTransaction
    STARTER.Trigger_Default_Starter
  tNG_multipleDelete.executeTransaction
    STARTER.Trigger_Default_Starter
  tNG_multipleUpdate.getRecordset
  tNG_multipleUpdate.getLocalRecordset*
=== END MESSAGE ===
=== BEGIN MESSAGE ===
Client IP:
  127.0.0.1

Host:
  localhost

Requested URI:
  http://localhost/tudo/Compras/pedido/pedido_form.php?PC_ID=6

Date:
  2011-04-14 08:09:45

Error:
  Internal error.

Developer Details:
  tNG_multipleUpdate.getLocalRecordset:<br /><strong>Error message:</strong><br />Unknown column 'PC_PRODUTO' in 'field list'<br /><strong>SQL statement:</strong><br />SELECT PC_PRIORIDADE,PC_N_REQUISICAO,PC_PRODUTO,PC_QTD,PC_SETOR,PC_SOLICITANTE,PC_DESCRICAO,PC_ID, PC_ID as kt_pk_pedido_compra FROM pedido_compra WHERE PC_ID=6. (MUPD_RS)

tNG Execution Trace:
  tNG_multipleInsert.executeTransaction
    STARTER.Trigger_Default_Starter
  tNG_multipleUpdate.executeTransaction
    STARTER.Trigger_Default_Starter
  tNG_multipleDelete.executeTransaction
    STARTER.Trigger_Default_Starter
  tNG_multipleUpdate.getRecordset
  tNG_multipleUpdate.getLocalRecordset*
=== END MESSAGE ===
=== BEGIN MESSAGE ===
Client IP:
  127.0.0.1

Host:
  localhost

Requested URI:
  http://localhost/tudo/Compras/pedido/pedido_form.php?PC_ID=1

Date:
  2011-04-14 08:10:08

Error:
  Internal error.

Developer Details:
  tNG_multipleUpdate.getLocalRecordset:<br /><strong>Error message:</strong><br />Unknown column 'PC_PRODUTO' in 'field list'<br /><strong>SQL statement:</strong><br />SELECT PC_PRIORIDADE,PC_N_REQUISICAO,PC_PRODUTO,PC_QTD,PC_SETOR,PC_SOLICITANTE,PC_DESCRICAO,PC_ID, PC_ID as kt_pk_pedido_compra FROM pedido_compra WHERE PC_ID=1. (MUPD_RS)

tNG Execution Trace:
  tNG_multipleInsert.executeTransaction
    STARTER.Trigger_Default_Starter
  tNG_multipleUpdate.executeTransaction
    STARTER.Trigger_Default_Starter
  tNG_multipleDelete.executeTransaction
    STARTER.Trigger_Default_Starter
  tNG_multipleUpdate.getRecordset
  tNG_multipleUpdate.getLocalRecordset*
=== END MESSAGE ===
=== BEGIN MESSAGE ===
Client IP:
  127.0.0.1

Host:
  localhost

Requested URI:
  http://localhost/tudo/Compras/pedido/pedido_form.php?PC_ID=1

Date:
  2011-04-14 08:10:24

Error:
  Internal error.

Developer Details:
  tNG_multipleUpdate.getLocalRecordset:<br /><strong>Error message:</strong><br />Unknown column 'PC_PRODUTO' in 'field list'<br /><strong>SQL statement:</strong><br />SELECT PC_PRIORIDADE,PC_N_REQUISICAO,PC_PRODUTO,PC_QTD,PC_SETOR,PC_SOLICITANTE,PC_DESCRICAO,PC_ID, PC_ID as kt_pk_pedido_compra FROM pedido_compra WHERE PC_ID=1. (MUPD_RS)

tNG Execution Trace:
  tNG_multipleInsert.executeTransaction
    STARTER.Trigger_Default_Starter
  tNG_multipleUpdate.executeTransaction
    STARTER.Trigger_Default_Starter
  tNG_multipleDelete.executeTransaction
    STARTER.Trigger_Default_Starter
  tNG_multipleUpdate.getRecordset
  tNG_multipleUpdate.getLocalRecordset*
=== END MESSAGE ===
=== BEGIN MESSAGE ===
Client IP:
  127.0.0.1

Host:
  localhost

Requested URI:
  http://localhost/tudo/Compras/pedido/pedido_form.php?PC_ID=1

Date:
  2011-04-14 08:11:45

Error:
  Internal error.

Developer Details:
  tNG_multipleUpdate.getLocalRecordset:<br /><strong>Error message:</strong><br />Unknown column 'PC_PRODUTO' in 'field list'<br /><strong>SQL statement:</strong><br />SELECT PC_PRIORIDADE,PC_N_REQUISICAO,PC_PRODUTO,PC_QTD,PC_SETOR,PC_SOLICITANTE,PC_DESCRICAO,PC_ID, PC_ID as kt_pk_pedido_compra FROM pedido_compra WHERE PC_ID=1. (MUPD_RS)

tNG Execution Trace:
  tNG_multipleInsert.executeTransaction
    STARTER.Trigger_Default_Starter
  tNG_multipleUpdate.executeTransaction
    STARTER.Trigger_Default_Starter
  tNG_multipleDelete.executeTransaction
    STARTER.Trigger_Default_Starter
  tNG_multipleUpdate.getRecordset
  tNG_multipleUpdate.getLocalRecordset*
=== END MESSAGE ===
=== BEGIN MESSAGE ===
Client IP:
  127.0.0.1

Host:
  localhost

Requested URI:
  http://localhost/tudo/Compras/pedido/pedido_form.php?PC_ID=6

Date:
  2011-04-14 08:12:34

Error:
  Internal error.

Developer Details:
  tNG_multipleUpdate.getLocalRecordset:<br /><strong>Error message:</strong><br />Unknown column 'PC_PRODUTO' in 'field list'<br /><strong>SQL statement:</strong><br />SELECT PC_PRIORIDADE,PC_N_REQUISICAO,PC_PRODUTO,PC_QTD,PC_SETOR,PC_SOLICITANTE,PC_DESCRICAO,PC_ID, PC_ID as kt_pk_pedido_compra FROM pedido_compra WHERE PC_ID=6. (MUPD_RS)

tNG Execution Trace:
  tNG_multipleInsert.executeTransaction
    STARTER.Trigger_Default_Starter
  tNG_multipleUpdate.executeTransaction
    STARTER.Trigger_Default_Starter
  tNG_multipleDelete.executeTransaction
    STARTER.Trigger_Default_Starter
  tNG_multipleUpdate.getRecordset
  tNG_multipleUpdate.getLocalRecordset*
=== END MESSAGE ===
=== BEGIN MESSAGE ===
Client IP:
  127.0.0.1

Host:
  localhost

Requested URI:
  http://localhost/tudo/Compras/pedido/pedido_form.php

Date:
  2011-04-14 12:48:35

Error:
  An error occurred while inserting the records.<br />There were some errors in your form. Please make sure you filled in all required fields.

Developer Details:
  tNG_multipleInsert error.<br />An error occurred while inserting the records. (MINS_ERROR)<br />

tNG Execution Trace:
  tNG_multipleInsert.executeTransaction
    STARTER.Trigger_Default_Starter
    tNG_multipleInsert.doTransaction
      tNG_multipleInsert.prepareSQL
        tNG_insert.doTransaction
          BEFORE.Trigger_Default_FormValidation*
          ERROR.Trigger_Default_Insert_RollBack
  tNG_multipleUpdate.executeTransaction
    STARTER.Trigger_Default_Starter
  tNG_multipleDelete.executeTransaction
    STARTER.Trigger_Default_Starter
  tNG_multipleInsert.getRecordset
  tNG_insert.getFakeRsArr
  tNG_insert.getLocalRecordset
  tNG_insert.getFakeRecordset
  tNG_multipleInsert.getFakeRecordset
=== END MESSAGE ===
=== BEGIN MESSAGE ===
Client IP:
  127.0.0.1

Host:
  localhost

Requested URI:
  http://localhost/tudo/Compras/pedido/pedido_form.php

Date:
  2011-04-14 14:26:14

Error:
  An error occurred while inserting the records.<br />There were some errors in your form. Please make sure you filled in all required fields.

Developer Details:
  tNG_multipleInsert error.<br />An error occurred while inserting the records. (MINS_ERROR)<br />

tNG Execution Trace:
  tNG_multipleInsert.executeTransaction
    STARTER.Trigger_Default_Starter
    tNG_multipleInsert.doTransaction
      tNG_multipleInsert.prepareSQL
        tNG_insert.doTransaction
          BEFORE.Trigger_Default_FormValidation*
          ERROR.Trigger_Default_Insert_RollBack
  tNG_multipleUpdate.executeTransaction
    STARTER.Trigger_Default_Starter
  tNG_multipleDelete.executeTransaction
    STARTER.Trigger_Default_Starter
  tNG_multipleInsert.getRecordset
  tNG_insert.getFakeRsArr
  tNG_insert.getLocalRecordset
  tNG_insert.getFakeRecordset
  tNG_multipleInsert.getFakeRecordset
=== END MESSAGE ===
=== BEGIN MESSAGE ===
Client IP:
  127.0.0.1

Host:
  localhost

Requested URI:
  http://localhost/tudo/Compras/pedido/pedido_form.php

Date:
  2011-04-14 14:30:06

Error:
  An error occurred while inserting the records.<br />There were some errors in your form. Please make sure you filled in all required fields.

Developer Details:
  tNG_multipleInsert error.<br />An error occurred while inserting the records. (MINS_ERROR)<br />

tNG Execution Trace:
  tNG_multipleInsert.executeTransaction
    STARTER.Trigger_Default_Starter
    tNG_multipleInsert.doTransaction
      tNG_multipleInsert.prepareSQL
        tNG_insert.doTransaction
          BEFORE.Trigger_Default_FormValidation*
          ERROR.Trigger_Default_Insert_RollBack
  tNG_multipleUpdate.executeTransaction
    STARTER.Trigger_Default_Starter
  tNG_multipleDelete.executeTransaction
    STARTER.Trigger_Default_Starter
  tNG_multipleInsert.getRecordset
  tNG_insert.getFakeRsArr
  tNG_insert.getLocalRecordset
  tNG_insert.getFakeRecordset
  tNG_multipleInsert.getFakeRecordset
=== END MESSAGE ===
=== BEGIN MESSAGE ===
Client IP:
  127.0.0.1

Host:
  localhost

Requested URI:
  http://localhost/tudo/Compras/pedido/pedido_form.php

Date:
  2011-04-14 14:54:14

Error:
  An error occurred while inserting the records.<br />There were some errors in your form. Please make sure you filled in all required fields.

Developer Details:
  tNG_multipleInsert error.<br />An error occurred while inserting the records. (MINS_ERROR)<br />

tNG Execution Trace:
  tNG_multipleInsert.executeTransaction
    STARTER.Trigger_Default_Starter
    tNG_multipleInsert.doTransaction
      tNG_multipleInsert.prepareSQL
        tNG_insert.doTransaction
          BEFORE.Trigger_Default_FormValidation*
          ERROR.Trigger_Default_Insert_RollBack
  tNG_multipleUpdate.executeTransaction
    STARTER.Trigger_Default_Starter
  tNG_multipleDelete.executeTransaction
    STARTER.Trigger_Default_Starter
  tNG_multipleInsert.getRecordset
  tNG_insert.getFakeRsArr
  tNG_insert.getLocalRecordset
  tNG_insert.getFakeRecordset
  tNG_multipleInsert.getFakeRecordset
=== END MESSAGE ===
=== BEGIN MESSAGE ===
Client IP:
  127.0.0.1

Host:
  localhost

Requested URI:
  http://localhost/tudo/Compras/pedido/pedido_form.php

Date:
  2011-04-14 14:54:36

Error:
  An error occurred while inserting the records.<br />There were some errors in your form. Please make sure you filled in all required fields.

Developer Details:
  tNG_multipleInsert error.<br />An error occurred while inserting the records. (MINS_ERROR)<br />

tNG Execution Trace:
  tNG_multipleInsert.executeTransaction
    STARTER.Trigger_Default_Starter
    tNG_multipleInsert.doTransaction
      tNG_multipleInsert.prepareSQL
        tNG_insert.doTransaction
          BEFORE.Trigger_Default_FormValidation*
          ERROR.Trigger_Default_Insert_RollBack
  tNG_multipleUpdate.executeTransaction
    STARTER.Trigger_Default_Starter
  tNG_multipleDelete.executeTransaction
    STARTER.Trigger_Default_Starter
  tNG_multipleInsert.getRecordset
  tNG_insert.getFakeRsArr
  tNG_insert.getLocalRecordset
  tNG_insert.getFakeRecordset
  tNG_multipleInsert.getFakeRecordset
=== END MESSAGE ===
=== BEGIN MESSAGE ===
Client IP:
  127.0.0.1

Host:
  localhost

Requested URI:
  http://localhost/tudo/Compras/pedido/pedido_form.php

Date:
  2011-04-14 14:55:19

Error:
  An error occurred while inserting the records.<br />There were some errors in your form. Please make sure you filled in all required fields.

Developer Details:
  tNG_multipleInsert error.<br />An error occurred while inserting the records. (MINS_ERROR)<br />

tNG Execution Trace:
  tNG_multipleInsert.executeTransaction
    STARTER.Trigger_Default_Starter
    tNG_multipleInsert.doTransaction
      tNG_multipleInsert.prepareSQL
        tNG_insert.doTransaction
          BEFORE.Trigger_Default_FormValidation*
          ERROR.Trigger_Default_Insert_RollBack
  tNG_multipleUpdate.executeTransaction
    STARTER.Trigger_Default_Starter
  tNG_multipleDelete.executeTransaction
    STARTER.Trigger_Default_Starter
  tNG_multipleInsert.getRecordset
  tNG_insert.getFakeRsArr
  tNG_insert.getLocalRecordset
  tNG_insert.getFakeRecordset
  tNG_multipleInsert.getFakeRecordset
=== END MESSAGE ===
=== BEGIN MESSAGE ===
Client IP:
  127.0.0.1

Host:
  localhost

Requested URI:
  http://localhost/tudo/Compras/pedido/pedido_form.php

Date:
  2011-04-14 14:56:53

Error:
  An error occurred while inserting the records.<br />There were some errors in your form. Please make sure you filled in all required fields.

Developer Details:
  tNG_multipleInsert error.<br />An error occurred while inserting the records. (MINS_ERROR)<br />

tNG Execution Trace:
  tNG_multipleInsert.executeTransaction
    STARTER.Trigger_Default_Starter
    tNG_multipleInsert.doTransaction
      tNG_multipleInsert.prepareSQL
        tNG_insert.doTransaction
          BEFORE.Trigger_Default_FormValidation*
          ERROR.Trigger_Default_Insert_RollBack
  tNG_multipleUpdate.executeTransaction
    STARTER.Trigger_Default_Starter
  tNG_multipleDelete.executeTransaction
    STARTER.Trigger_Default_Starter
  tNG_multipleInsert.getRecordset
  tNG_insert.getFakeRsArr
  tNG_insert.getLocalRecordset
  tNG_insert.getFakeRecordset
  tNG_multipleInsert.getFakeRecordset
=== END MESSAGE ===
=== BEGIN MESSAGE ===
Client IP:
  127.0.0.1

Host:
  localhost

Requested URI:
  http://localhost/tudo/Compras/pedido/pedido_form.php

Date:
  2011-04-14 15:28:01

Error:
  An error occurred while inserting the records.<br />There were some errors in your form. Please make sure you filled in all required fields.

Developer Details:
  tNG_multipleInsert error.<br />An error occurred while inserting the records. (MINS_ERROR)<br />

tNG Execution Trace:
  tNG_multipleInsert.executeTransaction
    STARTER.Trigger_Default_Starter
    tNG_multipleInsert.doTransaction
      tNG_multipleInsert.prepareSQL
        tNG_insert.doTransaction
          BEFORE.Trigger_Default_FormValidation*
          ERROR.Trigger_Default_Insert_RollBack
  tNG_multipleUpdate.executeTransaction
    STARTER.Trigger_Default_Starter
  tNG_multipleDelete.executeTransaction
    STARTER.Trigger_Default_Starter
  tNG_multipleInsert.getRecordset
  tNG_insert.getFakeRsArr
  tNG_insert.getLocalRecordset
  tNG_insert.getFakeRecordset
  tNG_multipleInsert.getFakeRecordset
=== END MESSAGE ===
=== BEGIN MESSAGE ===
Client IP:
  127.0.0.1

Host:
  localhost

Requested URI:
  http://localhost/tudo/Compras/pedido/pedido_form.php

Date:
  2011-04-14 15:29:03

Error:
  An error occurred while inserting the records.<br />There were some errors in your form. Please make sure you filled in all required fields.

Developer Details:
  tNG_multipleInsert error.<br />An error occurred while inserting the records. (MINS_ERROR)<br />

tNG Execution Trace:
  tNG_multipleInsert.executeTransaction
    STARTER.Trigger_Default_Starter
    tNG_multipleInsert.doTransaction
      tNG_multipleInsert.prepareSQL
        tNG_insert.doTransaction
          BEFORE.Trigger_Default_FormValidation*
          ERROR.Trigger_Default_Insert_RollBack
  tNG_multipleUpdate.executeTransaction
    STARTER.Trigger_Default_Starter
  tNG_multipleDelete.executeTransaction
    STARTER.Trigger_Default_Starter
  tNG_multipleInsert.getRecordset
  tNG_insert.getFakeRsArr
  tNG_insert.getLocalRecordset
  tNG_insert.getFakeRecordset
  tNG_multipleInsert.getFakeRecordset
=== END MESSAGE ===
=== BEGIN MESSAGE ===
Client IP:
  127.0.0.1

Host:
  localhost

Requested URI:
  http://localhost/tudo/Compras/pedido/pedido_form.php

Date:
  2011-04-14 15:29:25

Error:
  An error occurred while inserting the records.<br />There were some errors in your form. Please make sure you filled in all required fields.

Developer Details:
  tNG_multipleInsert error.<br />An error occurred while inserting the records. (MINS_ERROR)<br />

tNG Execution Trace:
  tNG_multipleInsert.executeTransaction
    STARTER.Trigger_Default_Starter
    tNG_multipleInsert.doTransaction
      tNG_multipleInsert.prepareSQL
        tNG_insert.doTransaction
          BEFORE.Trigger_Default_FormValidation*
          ERROR.Trigger_Default_Insert_RollBack
  tNG_multipleUpdate.executeTransaction
    STARTER.Trigger_Default_Starter
  tNG_multipleDelete.executeTransaction
    STARTER.Trigger_Default_Starter
  tNG_multipleInsert.getRecordset
  tNG_insert.getFakeRsArr
  tNG_insert.getLocalRecordset
  tNG_insert.getFakeRecordset
  tNG_multipleInsert.getFakeRecordset
=== END MESSAGE ===
=== BEGIN MESSAGE ===
Client IP:
  127.0.0.1

Host:
  localhost

Requested URI:
  http://localhost/tudo/OSE/movimentacao/class_form.php

Date:
  2011-04-16 21:59:08

Error:
  Internal error.

Developer Details:
  tNG_update.prepareSQL:<br />No Primary Key Column was set. (UPD_NO_PK_SET)

tNG Execution Trace:
  tNG_update.executeTransaction
    STARTER.Trigger_Default_Starter
    tNG_update.doTransaction
      BEFORE.Trigger_Default_saveData
        tNG_update.saveData
      BEFORE.Trigger_Default_FormValidation
      tNG_update.prepareSQL*
    tNG_update.getRecordset
    tNG_update.getFakeRsArr
    tNG_update.getLocalRecordset
    tNG_update.getFakeRecordset
=== END MESSAGE ===
