=== BEGIN MESSAGE ===
Client IP:
  10.1.1.18

Host:
  10.1.1.3

Requested URI:
  http://10.1.1.3/paginas/setor/setor_form.php?id_setor=5

Date:
  2012-06-04 16:39:54

Error:
  An error occurred while updating the records.<br />SQL error: Duplicate entry 'BUCHARIA SUJA' for key 2.

Developer Details:
  tNG_multipleUpdate error.<br />An error occurred while updating the records. (MUPD_ERROR)<br />SQL error: UPDATE setor SET setor='BUCHARIA SUJA', encarregado='GUSTAVO' WHERE id_setor = 5. (SQL_ERROR)

tNG Execution Trace:
  tNG_multipleInsert.executeTransaction
    STARTER.Trigger_Default_Starter
  tNG_multipleUpdate.executeTransaction
    STARTER.Trigger_Default_Starter
    tNG_multipleUpdate.doTransaction
      tNG_multipleUpdate.prepareSQL
        tNG_update.doTransaction
          BEFORE.Trigger_Default_saveData
            tNG_update.saveData
          BEFORE.Trigger_Default_FormValidation
          tNG_update.prepareSQL
          tNG_update.executeTransaction - execute sql*
  tNG_multipleUpdate.getRecordset
  tNG_update.getFakeRsArr
  tNG_update.getLocalRecordset
  tNG_multipleUpdate.getFakeRecordset
=== END MESSAGE ===
=== BEGIN MESSAGE ===
Client IP:
  10.1.1.28

Host:
  10.1.1.3

Requested URI:
  http://10.1.1.3/login.php

Date:
  2012-06-16 16:16:16

Error:
  SQL error: Table 'sig.funcionario' doesn't exist.

Developer Details:
  SQL error: SELECT funcionario.*, id_funcionario AS kt_login_id, login AS kt_login_user, senha AS kt_login_password  FROM funcionario WHERE login='TIAGO'. (SQL_ERROR)

tNG Execution Trace:
  tNG_login.executeTransaction
    STARTER.Trigger_Default_Starter
    tNG_login.doTransaction
      BEFORE.Trigger_Default_FormValidation
      tNG_login.prepareSQL
      tNG_login.executeTransaction - execute sql*
  tNG_login.getRecordset
  tNG_login.getFakeRsArr
  tNG_login.getLocalRecordset
  tNG_login.getFakeRecordset
  tNG_login.getFakeRecordset
=== END MESSAGE ===
=== BEGIN MESSAGE ===
Client IP:
  10.1.1.28

Host:
  10.1.1.3

Requested URI:
  http://10.1.1.3/login.php

Date:
  2012-06-16 16:16:21

Error:
  SQL error: Table 'sig.funcionario' doesn't exist.

Developer Details:
  SQL error: SELECT funcionario.*, id_funcionario AS kt_login_id, login AS kt_login_user, senha AS kt_login_password  FROM funcionario WHERE login='TIAGO'. (SQL_ERROR)

tNG Execution Trace:
  tNG_login.executeTransaction
    STARTER.Trigger_Default_Starter
    tNG_login.doTransaction
      BEFORE.Trigger_Default_FormValidation
      tNG_login.prepareSQL
      tNG_login.executeTransaction - execute sql*
  tNG_login.getRecordset
  tNG_login.getFakeRsArr
  tNG_login.getLocalRecordset
  tNG_login.getFakeRecordset
  tNG_login.getFakeRecordset
=== END MESSAGE ===
