=== BEGIN MESSAGE ===
Client IP:
  10.1.1.62

Host:
  10.1.1.3

Requested URI:
  http://10.1.1.3/paginas/Empresa/empresa_form.php

Date:
  2012-08-21 12:03:12

Error:
  An error occurred while inserting the records.<br />SQL error: Column 'cnpj_cpf' cannot be null.

Developer Details:
  tNG_multipleInsert error.<br />An error occurred while inserting the records. (MINS_ERROR)<br />SQL error: INSERT INTO empresas (nome, responsavel, endereco, bairro, complemento, cidade, estado, telefone_comercial, telefone_celular, telefone_fax, cnpj_cpf, inscricao_estadual, email, cep) values ('CONSERTEC', 'QUALQUER', 'MARECHAL RONDON      116', 'AMANBAÍ', null, 'CAMPO GRANDE', 'MS', '(67) 3383-233', null, null, null, null, null, null). (SQL_ERROR)

tNG Execution Trace:
  tNG_multipleInsert.executeTransaction
    STARTER.Trigger_Default_Starter
    tNG_multipleInsert.doTransaction
      tNG_multipleInsert.prepareSQL
        tNG_insert.doTransaction
          BEFORE.Trigger_Default_FormValidation
          tNG_insert.prepareSQL
          tNG_insert.executeTransaction - execute sql*
          ERROR.Trigger_Default_Insert_RollBack
  tNG_multipleUpdate.executeTransaction
    STARTER.Trigger_Default_Starter
  tNG_multipleInsert.getRecordset
  tNG_insert.getFakeRsArr
  tNG_insert.getLocalRecordset
  tNG_insert.getFakeRecordset
  tNG_multipleInsert.getFakeRecordset
=== END MESSAGE ===
=== BEGIN MESSAGE ===
Client IP:
  10.1.1.21

Host:
  10.1.1.3

Requested URI:
  http://10.1.1.3/paginas/Empresa/empresa_form.php

Date:
  2012-08-28 15:18:04

Error:
  An error occurred while inserting the records.<br />SQL error: Column 'cnpj_cpf' cannot be null.

Developer Details:
  tNG_multipleInsert error.<br />An error occurred while inserting the records. (MINS_ERROR)<br />SQL error: INSERT INTO empresas (nome, responsavel, endereco, bairro, complemento, cidade, estado, telefone_comercial, telefone_celular, telefone_fax, cnpj_cpf, inscricao_estadual, email, cep) values ('ELETRO BOM SUCESSO', 'PAULO', 'AV TAMANDARÉ      1374', 'ALTO SUMARÉ', null, 'CAMPO GRANDE', 'MS', '3382 5811', '9982 5355', null, null, null, null, '79009790'). (SQL_ERROR)

tNG Execution Trace:
  tNG_multipleInsert.executeTransaction
    STARTER.Trigger_Default_Starter
    tNG_multipleInsert.doTransaction
      tNG_multipleInsert.prepareSQL
        tNG_insert.doTransaction
          BEFORE.Trigger_Default_FormValidation
          tNG_insert.prepareSQL
          tNG_insert.executeTransaction - execute sql*
          ERROR.Trigger_Default_Insert_RollBack
  tNG_multipleUpdate.executeTransaction
    STARTER.Trigger_Default_Starter
  tNG_multipleInsert.getRecordset
  tNG_insert.getFakeRsArr
  tNG_insert.getLocalRecordset
  tNG_insert.getFakeRecordset
  tNG_multipleInsert.getFakeRecordset
=== END MESSAGE ===
