=== BEGIN MESSAGE ===
Client IP:
  10.1.1.25

Host:
  10.1.1.3

Requested URI:
  http://10.1.1.3/paginas/setor/setor_form.php

Date:
  2012-03-07 09:09:25

Error:
  An error occurred while inserting the records.<br />SQL error: Duplicate entry 'ALMOXARIFADO' for key 2.

Developer Details:
  tNG_multipleInsert error.<br />An error occurred while inserting the records. (MINS_ERROR)<br />SQL error: INSERT INTO setor (setor, encarregado) values ('ALMOXARIFADO', null). (SQL_ERROR)

tNG Execution Trace:
  tNG_multipleInsert.executeTransaction
    STARTER.Trigger_Default_Starter
    tNG_multipleInsert.doTransaction
      tNG_multipleInsert.prepareSQL
        tNG_insert.doTransaction
          BEFORE.Trigger_Default_FormValidation
          tNG_insert.prepareSQL
          tNG_insert.executeTransaction - execute sql*
          ERROR.Trigger_Default_Insert_RollBack
  tNG_multipleUpdate.executeTransaction
    STARTER.Trigger_Default_Starter
  tNG_multipleInsert.getRecordset
  tNG_insert.getFakeRsArr
  tNG_insert.getLocalRecordset
  tNG_insert.getFakeRecordset
  tNG_multipleInsert.getFakeRecordset
=== END MESSAGE ===
=== BEGIN MESSAGE ===
Client IP:
  10.1.1.25

Host:
  10.1.1.3

Requested URI:
  http://10.1.1.3/paginas/setor/setor_form.php

Date:
  2012-03-07 09:09:38

Error:
  An error occurred while inserting the records.<br />SQL error: Duplicate entry 'ALMOXARIFADO' for key 2.

Developer Details:
  tNG_multipleInsert error.<br />An error occurred while inserting the records. (MINS_ERROR)<br />SQL error: INSERT INTO setor (setor, encarregado) values ('ALMOXARIFADO', 'WILLIAN'). (SQL_ERROR)

tNG Execution Trace:
  tNG_multipleInsert.executeTransaction
    STARTER.Trigger_Default_Starter
    tNG_multipleInsert.doTransaction
      tNG_multipleInsert.prepareSQL
        tNG_insert.doTransaction
          BEFORE.Trigger_Default_FormValidation
          tNG_insert.prepareSQL
          tNG_insert.executeTransaction - execute sql*
          ERROR.Trigger_Default_Insert_RollBack
  tNG_multipleUpdate.executeTransaction
    STARTER.Trigger_Default_Starter
  tNG_multipleInsert.getRecordset
  tNG_insert.getFakeRsArr
  tNG_insert.getLocalRecordset
  tNG_insert.getFakeRecordset
  tNG_multipleInsert.getFakeRecordset
=== END MESSAGE ===
=== BEGIN MESSAGE ===
Client IP:
  10.1.1.25

Host:
  10.1.1.3

Requested URI:
  http://10.1.1.3/paginas/setor/setor_form.php

Date:
  2012-03-07 09:10:25

Error:
  An error occurred while inserting the records.<br />SQL error: Duplicate entry 'ALMOXARIFADO' for key 2.

Developer Details:
  tNG_multipleInsert error.<br />An error occurred while inserting the records. (MINS_ERROR)<br />SQL error: INSERT INTO setor (setor, encarregado) values ('ALMOXARIFADO', 'WILLIAN'). (SQL_ERROR)

tNG Execution Trace:
  tNG_multipleInsert.executeTransaction
    STARTER.Trigger_Default_Starter
    tNG_multipleInsert.doTransaction
      tNG_multipleInsert.prepareSQL
        tNG_insert.doTransaction
          BEFORE.Trigger_Default_FormValidation
          tNG_insert.prepareSQL
          tNG_insert.executeTransaction - execute sql*
          ERROR.Trigger_Default_Insert_RollBack
  tNG_multipleUpdate.executeTransaction
    STARTER.Trigger_Default_Starter
  tNG_multipleInsert.getRecordset
  tNG_insert.getFakeRsArr
  tNG_insert.getLocalRecordset
  tNG_insert.getFakeRecordset
  tNG_multipleInsert.getFakeRecordset
=== END MESSAGE ===
=== BEGIN MESSAGE ===
Client IP:
  10.1.1.69

Host:
  10.1.1.3

Requested URI:
  http://10.1.1.3/paginas/Empresa/empresa_form.php

Date:
  2012-03-21 09:51:56

Error:
  An error occurred while inserting the records.<br />SQL error: Column 'cnpj_cpf' cannot be null.

Developer Details:
  tNG_multipleInsert error.<br />An error occurred while inserting the records. (MINS_ERROR)<br />SQL error: INSERT INTO empresas (nome, responsavel, endereco, bairro, complemento, cidade, estado, telefone_comercial, telefone_celular, telefone_fax, cnpj_cpf, inscricao_estadual, email, cep) values ('BSM METALURGICA OSMAR DELACETA', 'OSMAR', 'VER ', 'VER ', null, 'CAMPO GRANDE', 'MS', null, null, null, null, null, null, null). (SQL_ERROR)

tNG Execution Trace:
  tNG_multipleInsert.executeTransaction
    STARTER.Trigger_Default_Starter
    tNG_multipleInsert.doTransaction
      tNG_multipleInsert.prepareSQL
        tNG_insert.doTransaction
          BEFORE.Trigger_Default_FormValidation
          tNG_insert.prepareSQL
          tNG_insert.executeTransaction - execute sql*
          ERROR.Trigger_Default_Insert_RollBack
  tNG_multipleUpdate.executeTransaction
    STARTER.Trigger_Default_Starter
  tNG_multipleInsert.getRecordset
  tNG_insert.getFakeRsArr
  tNG_insert.getLocalRecordset
  tNG_insert.getFakeRecordset
  tNG_multipleInsert.getFakeRecordset
=== END MESSAGE ===
=== BEGIN MESSAGE ===
Client IP:
  10.1.1.31

Host:
  10.1.1.3

Requested URI:
  http://10.1.1.3/paginas/Empresa/empresa_form.php

Date:
  2012-03-29 09:25:45

Error:
  An error occurred while inserting the records.<br />SQL error: Column 'cnpj_cpf' cannot be null.

Developer Details:
  tNG_multipleInsert error.<br />An error occurred while inserting the records. (MINS_ERROR)<br />SQL error: INSERT INTO empresas (nome, responsavel, endereco, bairro, complemento, cidade, estado, telefone_comercial, telefone_celular, telefone_fax, cnpj_cpf, inscricao_estadual, email, cep) values ('MRS LOCAÇÃO ASSISTENCIA TECNICA', 'SELMA ', 'AV. MANOEL COSTA LIMA ', 'VILA IPIRANGA', null, 'CAMPO GRANDE', 'MS', '3387 5702', null, null, null, null, null, null). (SQL_ERROR)

tNG Execution Trace:
  tNG_multipleInsert.executeTransaction
    STARTER.Trigger_Default_Starter
    tNG_multipleInsert.doTransaction
      tNG_multipleInsert.prepareSQL
        tNG_insert.doTransaction
          BEFORE.Trigger_Default_FormValidation
          tNG_insert.prepareSQL
          tNG_insert.executeTransaction - execute sql*
          ERROR.Trigger_Default_Insert_RollBack
  tNG_multipleUpdate.executeTransaction
    STARTER.Trigger_Default_Starter
  tNG_multipleInsert.getRecordset
  tNG_insert.getFakeRsArr
  tNG_insert.getLocalRecordset
  tNG_insert.getFakeRecordset
  tNG_multipleInsert.getFakeRecordset
=== END MESSAGE ===
