=== BEGIN MESSAGE ===
Client IP:
  10.1.1.18

Host:
  10.1.1.3

Requested URI:
  http://10.1.1.3/paginas/setor/setor_form.php?id_setor=

Date:
  2012-12-12 13:39:11

Error:
  An error occurred while inserting the records.<br />SQL error: Duplicate entry 'curral' for key 'setor'.

Developer Details:
  tNG_multipleInsert error.<br />An error occurred while inserting the records. (MINS_ERROR)<br />SQL error: INSERT INTO setor (setor, encarregado) values ('curral', null). (SQL_ERROR)

tNG Execution Trace:
  tNG_multipleInsert.executeTransaction
    STARTER.Trigger_Default_Starter
    tNG_multipleInsert.doTransaction
      tNG_multipleInsert.prepareSQL
        tNG_insert.doTransaction
          BEFORE.Trigger_Default_FormValidation
          tNG_insert.prepareSQL
          tNG_insert.executeTransaction - execute sql*
          ERROR.Trigger_Default_Insert_RollBack
  tNG_multipleUpdate.executeTransaction
    STARTER.Trigger_Default_Starter
  tNG_multipleInsert.getRecordset
  tNG_insert.getFakeRsArr
  tNG_insert.getLocalRecordset
  tNG_insert.getFakeRecordset
  tNG_multipleInsert.getFakeRecordset
=== END MESSAGE ===
