=== BEGIN MESSAGE ===
Client IP:
  10.1.1.46

Host:
  10.1.1.3

Requested URI:
  http://10.1.1.3/ADMIN/usuario/usuario_form.php

Date:
  2013-05-17 17:21:56

Error:
  An error occurred while inserting the records.<br />Could not create account.

Developer Details:
  tNG_multipleInsert error.<br />An error occurred while inserting the records. (MINS_ERROR)<br />

tNG Execution Trace:
  tNG_multipleInsert.executeTransaction
    STARTER.Trigger_Default_Starter
    tNG_multipleInsert.doTransaction
      tNG_multipleInsert.prepareSQL
        tNG_insert.doTransaction
          BEFORE.Trigger_Default_FormValidation
          BEFORE.Trigger_CheckPasswords*
          ERROR.Trigger_Default_Insert_RollBack
  tNG_multipleUpdate.executeTransaction
    STARTER.Trigger_Default_Starter
  tNG_multipleInsert.getRecordset
  tNG_insert.getFakeRsArr
  tNG_insert.getLocalRecordset
  tNG_insert.getFakeRecordset
  tNG_multipleInsert.getFakeRecordset
=== END MESSAGE ===
