=== BEGIN MESSAGE ===
Client IP:
  10.1.100.10

Host:
  10.1.1.3

Requested URI:
  http://10.1.1.3/ADMIN/usuario/usuario_form.php?id_funcionario=19

Date:
  2014-10-09 14:37:37

Error:
  An error occurred while updating the records.<br />There was an error updating your account. Wrong Old Password.

Developer Details:
  tNG_multipleUpdate error.<br />An error occurred while updating the records. (MUPD_ERROR)<br />

tNG Execution Trace:
  tNG_multipleInsert.executeTransaction
    STARTER.Trigger_Default_Starter
  tNG_multipleUpdate.executeTransaction
    STARTER.Trigger_Default_Starter
    tNG_multipleUpdate.doTransaction
      tNG_multipleUpdate.prepareSQL
        tNG_update.doTransaction
          BEFORE.Trigger_Default_saveData
            tNG_update.saveData
          BEFORE.Trigger_Default_FormValidation
          BEFORE.Trigger_CheckOldPassword*
          ERROR.Trigger_UpdatePassword_AddPassword
          ERROR.Trigger_UpdatePassword_RemoveOldPassword
  tNG_multipleUpdate.getRecordset
  tNG_update.getFakeRsArr
  tNG_update.getLocalRecordset
  tNG_multipleUpdate.getFakeRecordset
=== END MESSAGE ===
=== BEGIN MESSAGE ===
Client IP:
  10.1.100.10

Host:
  10.1.1.3

Requested URI:
  http://10.1.1.3/ADMIN/usuario/usuario_form.php?id_funcionario=19

Date:
  2014-10-09 14:38:07

Error:
  An error occurred while updating the records.<br />There was an error updating your account. Wrong Old Password.

Developer Details:
  tNG_multipleUpdate error.<br />An error occurred while updating the records. (MUPD_ERROR)<br />

tNG Execution Trace:
  tNG_multipleInsert.executeTransaction
    STARTER.Trigger_Default_Starter
  tNG_multipleUpdate.executeTransaction
    STARTER.Trigger_Default_Starter
    tNG_multipleUpdate.doTransaction
      tNG_multipleUpdate.prepareSQL
        tNG_update.doTransaction
          BEFORE.Trigger_Default_saveData
            tNG_update.saveData
          BEFORE.Trigger_Default_FormValidation
          BEFORE.Trigger_CheckOldPassword*
          ERROR.Trigger_UpdatePassword_AddPassword
          ERROR.Trigger_UpdatePassword_RemoveOldPassword
  tNG_multipleUpdate.getRecordset
  tNG_update.getFakeRsArr
  tNG_update.getLocalRecordset
  tNG_multipleUpdate.getFakeRecordset
=== END MESSAGE ===
=== BEGIN MESSAGE ===
Client IP:
  10.1.1.57

Host:
  10.1.1.3

Requested URI:
  http://10.1.1.3/paginas/Empresa/empresa_form.php

Date:
  2014-10-17 13:15:49

Error:
  An error occurred while inserting the records.<br />SQL error: Column 'cnpj_cpf' cannot be null.

Developer Details:
  tNG_multipleInsert error.<br />An error occurred while inserting the records. (MINS_ERROR)<br />SQL error: INSERT INTO empresas (nome, responsavel, endereco, bairro, complemento, cidade, estado, telefone_comercial, telefone_celular, telefone_fax, cnpj_cpf, inscricao_estadual, email, cep) values ('REFRGEL ASSISTENCIA TECNICA', 'AAA', 'AV TAMANDARE', 'TAMANDARE', null, 'CAMPO GRANDE', 'MS', '3383 7774', null, null, null, null, 'ASSISTENCIA@REFRIGELMS.COM.BR', null). (SQL_ERROR)

tNG Execution Trace:
  tNG_multipleInsert.executeTransaction
    STARTER.Trigger_Default_Starter
    tNG_multipleInsert.doTransaction
      tNG_multipleInsert.prepareSQL
        tNG_insert.doTransaction
          BEFORE.Trigger_Default_FormValidation
          tNG_insert.prepareSQL
          tNG_insert.executeTransaction - execute sql*
          ERROR.Trigger_Default_Insert_RollBack
  tNG_multipleUpdate.executeTransaction
    STARTER.Trigger_Default_Starter
  tNG_multipleInsert.getRecordset
  tNG_insert.getFakeRsArr
  tNG_insert.getLocalRecordset
  tNG_insert.getFakeRecordset
  tNG_multipleInsert.getFakeRecordset
=== END MESSAGE ===
