=== BEGIN MESSAGE ===
Client IP:
  10.1.1.251

Host:
  10.1.100.17

Requested URI:
  http://10.1.100.17/login.php

Date:
  2015-02-02 10:54:44

Error:
  Internal error.

Developer Details:
  tNG_fields.getFakeRecordset:<br />SQL error: Error creating fake recordset:<br />Commands out of sync; you can't run this command now<br/>SQL:<br />SELECT '' AS kt_login_user, '' AS kt_login_password, '0' AS kt_login_rememberme (FIELDS_FAKE_RS_ERROR)

tNG Execution Trace:
  tNG_login.executeTransaction
    STARTER.Trigger_Default_Starter
  tNG_login.getRecordset
  tNG_login.getLocalRecordset
  tNG_login.getFakeRecordset*
=== END MESSAGE ===
