=== BEGIN MESSAGE ===
Client IP:
  127.0.0.1

Host:
  localhost:8000

Requested URI:
  http://localhost:8000/login.php

Date:
  2015-07-24 11:28:09

Error:
  Internal error.

Developer Details:
  tNG_fields.getFakeRecordset:<br />SQL error: Error creating fake recordset:<br />Unknown database 'sig'<br/>SQL:<br />SELECT '' AS kt_login_user, '' AS kt_login_password, '0' AS kt_login_rememberme (FIELDS_FAKE_RS_ERROR)

tNG Execution Trace:
  tNG_login.executeTransaction
    STARTER.Trigger_Default_Starter
  tNG_login.getRecordset
  tNG_login.getLocalRecordset
  tNG_login.getFakeRecordset*
=== END MESSAGE ===
